<?xml version="1.0" encoding="utf-8" ?>
<html xmlns="http://www.w3.org/1999/xhtml">
    <body>
        <table>
            <tr>
                <th>Cell.1.1</th>
                <th>Cell.1.2</th>
                <th>Cell.1.3</th>
            </tr>
            <tr>
                <td>Cell.2.1</td>
                <td>Cell.2.2</td>
                <td>Cell.2.3</td>
            </tr>
        </table>
    </body>
</html>